2013-09-02 18:30:25.134 HelloWorld[2658:c07] Multi-tasking -> Device: YES, App: YES
2013-09-02 18:30:27.548 HelloWorld[2658:c07] Resetting plugins due to page load.
2013-09-02 18:30:27.960 HelloWorld[2658:c07] Finished load of: file:///Users/thorkell/Library/Application%20Support/iPhone%20Simulator/6.1/Applications/F2E89E8F-8307-4968-A936-45B146AD18F9/HelloWorld.app/www/index.html
2013-09-02 18:39:14.448 HelloWorld[3044:c07] Multi-tasking -> Device: YES, App: YES
2013-09-02 18:39:14.659 HelloWorld[3044:c07] Resetting plugins due to page load.
2013-09-02 18:39:15.166 HelloWorld[3044:c07] Finished load of: file:///Users/thorkell/Library/Application%20Support/iPhone%20Simulator/6.1/Applications/F2E89E8F-8307-4968-A936-45B146AD18F9/HelloWorld.app/www/index.html
2013-09-02 18:41:33.445 HelloWorld[3404:c07] Multi-tasking -> Device: YES, App: YES
2013-09-02 18:41:33.702 HelloWorld[3404:c07] Resetting plugins due to page load.
2013-09-02 18:41:34.082 HelloWorld[3404:c07] Finished load of: file:///Users/thorkell/Library/Application%20Support/iPhone%20Simulator/6.1/Applications/F2E89E8F-8307-4968-A936-45B146AD18F9/HelloWorld.app/www/index.html
2013-09-02 18:47:14.992 HelloWorld[3761:c07] Multi-tasking -> Device: YES, App: YES
2013-09-02 18:47:15.228 HelloWorld[3761:c07] Resetting plugins due to page load.
2013-09-02 18:47:15.655 HelloWorld[3761:c07] Finished load of: file:///Users/thorkell/Library/Application%20Support/iPhone%20Simulator/6.1/Applications/F2E89E8F-8307-4968-A936-45B146AD18F9/HelloWorld.app/www/index.html
2013-09-02 18:53:29.232 HelloWorld[4115:c07] Multi-tasking -> Device: YES, App: YES
2013-09-02 18:53:29.409 HelloWorld[4115:c07] Resetting plugins due to page load.
2013-09-02 18:53:29.763 HelloWorld[4115:c07] Finished load of: file:///Users/thorkell/Library/Application%20Support/iPhone%20Simulator/6.1/Applications/F2E89E8F-8307-4968-A936-45B146AD18F9/HelloWorld.app/www/index.html
2013-09-02 18:56:03.172 HelloWorld[4461:c07] Multi-tasking -> Device: YES, App: YES
2013-09-02 18:56:03.248 HelloWorld[4461:c07] Resetting plugins due to page load.
2013-09-02 18:56:03.615 HelloWorld[4461:c07] Finished load of: file:///Users/thorkell/Library/Application%20Support/iPhone%20Simulator/6.1/Applications/F2E89E8F-8307-4968-A936-45B146AD18F9/HelloWorld.app/www/index.html
Terminating in response to SpringBoard's termination.
2013-09-02 18:58:20.111 HelloWorld[4803:c07] Multi-tasking -> Device: YES, App: YES
2013-09-02 18:58:20.283 HelloWorld[4803:c07] Resetting plugins due to page load.
2013-09-02 18:58:20.334 HelloWorld[4803:c07] Finished load of: file:///Users/thorkell/Library/Application%20Support/iPhone%20Simulator/6.1/Applications/F2E89E8F-8307-4968-A936-45B146AD18F9/HelloWorld.app/www/index.html
Terminating in response to SpringBoard's termination.
2013-09-02 19:15:45.791 HelloWorld[5191:c07] Multi-tasking -> Device: YES, App: YES
2013-09-02 19:15:47.435 HelloWorld[5191:c07] Resetting plugins due to page load.
2013-09-02 19:15:47.798 HelloWorld[5191:c07] Finished load of: file:///Users/thorkell/Library/Application%20Support/iPhone%20Simulator/6.1/Applications/F2E89E8F-8307-4968-A936-45B146AD18F9/HelloWorld.app/www/index.html
2013-09-02 19:18:49.841 HelloWorld[5560:c07] Multi-tasking -> Device: YES, App: YES
2013-09-02 19:18:49.959 HelloWorld[5560:c07] Resetting plugins due to page load.
2013-09-02 19:18:50.498 HelloWorld[5560:c07] Finished load of: file:///Users/thorkell/Library/Application%20Support/iPhone%20Simulator/6.1/Applications/F2E89E8F-8307-4968-A936-45B146AD18F9/HelloWorld.app/www/index.html
2013-09-02 19:21:31.061 HelloWorld[5902:c07] Multi-tasking -> Device: YES, App: YES
2013-09-02 19:21:31.177 HelloWorld[5902:c07] Resetting plugins due to page load.
2013-09-02 19:21:31.360 HelloWorld[5902:c07] Finished load of: file:///Users/thorkell/Library/Application%20Support/iPhone%20Simulator/6.1/Applications/F2E89E8F-8307-4968-A936-45B146AD18F9/HelloWorld.app/www/index.html
Terminating in response to SpringBoard's termination.
2013-09-02 19:22:58.994 HelloWorld[6246:c07] Multi-tasking -> Device: YES, App: YES
2013-09-02 19:22:59.342 HelloWorld[6246:c07] Resetting plugins due to page load.
2013-09-02 19:22:59.431 HelloWorld[6246:c07] Finished load of: file:///Users/thorkell/Library/Application%20Support/iPhone%20Simulator/6.1/Applications/F2E89E8F-8307-4968-A936-45B146AD18F9/HelloWorld.app/www/index.html
2013-09-04 22:15:40.472 HelloWorld[708:c07] Multi-tasking -> Device: YES, App: YES
2013-09-04 22:15:41.839 HelloWorld[708:c07] Resetting plugins due to page load.
2013-09-04 22:15:42.412 HelloWorld[708:c07] Finished load of: file:///Users/thorkell/Library/Application%20Support/iPhone%20Simulator/6.1/Applications/F2E89E8F-8307-4968-A936-45B146AD18F9/HelloWorld.app/www/index.html
2013-09-04 22:20:50.920 HelloWorld[1061:c07] Multi-tasking -> Device: YES, App: YES
2013-09-04 22:20:52.680 HelloWorld[1061:c07] Resetting plugins due to page load.
2013-09-04 22:20:52.965 HelloWorld[1061:c07] Finished load of: file:///Users/thorkell/Library/Application%20Support/iPhone%20Simulator/6.1/Applications/F2E89E8F-8307-4968-A936-45B146AD18F9/HelloWorld.app/www/index.html
2013-09-04 22:23:07.908 HelloWorld[1411:c07] Multi-tasking -> Device: YES, App: YES
2013-09-04 22:23:08.010 HelloWorld[1411:c07] Resetting plugins due to page load.
2013-09-04 22:23:08.139 HelloWorld[1411:c07] Finished load of: file:///Users/thorkell/Library/Application%20Support/iPhone%20Simulator/6.1/Applications/F2E89E8F-8307-4968-A936-45B146AD18F9/HelloWorld.app/www/index.html
2013-09-04 22:24:02.116 HelloWorld[1749:c07] Multi-tasking -> Device: YES, App: YES
2013-09-04 22:24:02.190 HelloWorld[1749:c07] Resetting plugins due to page load.
2013-09-04 22:24:02.308 HelloWorld[1749:c07] Finished load of: file:///Users/thorkell/Library/Application%20Support/iPhone%20Simulator/6.1/Applications/F2E89E8F-8307-4968-A936-45B146AD18F9/HelloWorld.app/www/index.html
2013-09-04 22:25:35.313 HelloWorld[2098:c07] Multi-tasking -> Device: YES, App: YES
2013-09-04 22:25:35.466 HelloWorld[2098:c07] Resetting plugins due to page load.
2013-09-04 22:25:35.775 HelloWorld[2098:c07] Finished load of: file:///Users/thorkell/Library/Application%20Support/iPhone%20Simulator/6.1/Applications/F2E89E8F-8307-4968-A936-45B146AD18F9/HelloWorld.app/www/index.html
2013-09-04 22:29:24.877 HelloWorld[2445:c07] Multi-tasking -> Device: YES, App: YES
2013-09-04 22:29:25.040 HelloWorld[2445:c07] Resetting plugins due to page load.
2013-09-04 22:29:25.464 HelloWorld[2445:c07] Finished load of: file:///Users/thorkell/Library/Application%20Support/iPhone%20Simulator/6.1/Applications/F2E89E8F-8307-4968-A936-45B146AD18F9/HelloWorld.app/www/index.html
>>>> frameSizeChanged = 4096
>>>> frameSizeChanged = 4096
Terminating in response to SpringBoard's termination.
